<?xml version="1.0" encoding="UTF-8"?>
<!-- Generated by org.testng.reporters.JUnitXMLReporter -->
<testsuite hostname="PANKAJ" ignored="0" name="Command line test" tests="9" failures="0" timestamp="10 Sep 2017 12:10:59 GMT" time="0.133" errors="0">
  <testcase name="@BeforeClass initializeTestBaseSetup" time="0.0" classname="com.pack.base.TestBaseSetup">
    <failure type="org.testng.TestNGException" message="
Parameter &amp;apos;browserType&amp;apos; is required by BeforeClass on method initializeTestBaseSetup but has not been marked @Optional or defined
">
      <![CDATA[org.testng.TestNGException: 
Parameter 'browserType' is required by BeforeClass on method initializeTestBaseSetup but has not been marked @Optional or defined

... Removed 32 stack frames]]>
    </failure>
  </testcase> <!-- @BeforeClass initializeTestBaseSetup -->
  <testcase name="@BeforeClass setUp" time="0.0" classname="com.pack.test.CompleteShareandSaveTest">
    <skipped/>
  </testcase> <!-- @BeforeClass setUp -->
  <testcase name="@AfterClass tearDown" time="0.0" classname="com.pack.base.TestBaseSetup">
    <skipped/>
  </testcase> <!-- @AfterClass tearDown -->
  <testcase name="f" time="0.027" classname="com.pack.test.TestNG"/>
  <testcase name="fBShare" time="0.001" classname="com.pack.test.CompleteShareandSaveTest">
    <skipped/>
  </testcase> <!-- fBShare -->
  <testcase name="fBThankYouMsg" time="0.0" classname="com.pack.test.CompleteShareandSaveTest">
    <skipped/>
  </testcase> <!-- fBThankYouMsg -->
  <testcase name="twitterShare" time="0.0" classname="com.pack.test.CompleteShareandSaveTest">
    <skipped/>
  </testcase> <!-- twitterShare -->
  <testcase name="tweetThankYouMsg" time="0.0" classname="com.pack.test.CompleteShareandSaveTest">
    <skipped/>
  </testcase> <!-- tweetThankYouMsg -->
  <testcase name="pinShare" time="0.0" classname="com.pack.test.CompleteShareandSaveTest">
    <skipped/>
  </testcase> <!-- pinShare -->
  <testcase name="pinThankYouMsg" time="0.0" classname="com.pack.test.CompleteShareandSaveTest">
    <skipped/>
  </testcase> <!-- pinThankYouMsg -->
  <testcase name="emailShare" time="0.0" classname="com.pack.test.CompleteShareandSaveTest">
    <skipped/>
  </testcase> <!-- emailShare -->
  <testcase name="emailThankYouMsg" time="0.0" classname="com.pack.test.CompleteShareandSaveTest">
    <skipped/>
  </testcase> <!-- emailThankYouMsg -->
</testsuite> <!-- Command line test -->
