<?xml version="1.0" encoding="UTF-8"?>
<!-- Generated by org.testng.reporters.JUnitReportReporter -->
<testsuite skipped="8" hostname="PANKAJ" name="com.pack.test.CompleteShareandSaveTest" tests="9" failures="0" timestamp="10 Sep 2017 12:11:00 GMT" time="0.001" errors="1">
  <testcase name="initializeTestBaseSetup" time="0.000" classname="com.pack.test.CompleteShareandSaveTest">
    <error type="org.testng.TestNGException" message="
Parameter &#039;browserType&#039; is required by BeforeClass on method initializeTestBaseSetup but has not been marked @Optional or defined
">
      <![CDATA[org.testng.TestNGException: 
Parameter 'browserType' is required by BeforeClass on method initializeTestBaseSetup but has not been marked @Optional or defined

	at org.testng.internal.Parameters.createParameters(Parameters.java:199)
	at org.testng.internal.Parameters.createParameters(Parameters.java:443)
	at org.testng.internal.Parameters.createConfigurationParameters(Parameters.java:118)
	at org.testng.internal.Invoker.invokeConfigurations(Invoker.java:206)
	at org.testng.internal.Invoker.invokeConfigurations(Invoker.java:146)
	at org.testng.internal.TestMethodWorker.invokeBeforeClassMethods(TestMethodWorker.java:166)
	at org.testng.internal.TestMethodWorker.run(TestMethodWorker.java:105)
	at org.testng.TestRunner.privateRun(TestRunner.java:744)
	at org.testng.TestRunner.run(TestRunner.java:602)
	at org.testng.SuiteRunner.runTest(SuiteRunner.java:380)
	at org.testng.SuiteRunner.runSequentially(SuiteRunner.java:375)
	at org.testng.SuiteRunner.privateRun(SuiteRunner.java:340)
	at org.testng.SuiteRunner.run(SuiteRunner.java:289)
	at org.testng.SuiteRunnerWorker.runSuite(SuiteRunnerWorker.java:52)
	at org.testng.SuiteRunnerWorker.run(SuiteRunnerWorker.java:86)
	at org.testng.TestNG.runSuitesSequentially(TestNG.java:1301)
	at org.testng.TestNG.runSuitesLocally(TestNG.java:1226)
	at org.testng.TestNG.runSuites(TestNG.java:1144)
	at org.testng.TestNG.run(TestNG.java:1115)
	at org.apache.maven.surefire.testng.TestNGExecutor.run(TestNGExecutor.java:77)
	at org.apache.maven.surefire.testng.TestNGDirectoryTestSuite.executeMulti(TestNGDirectoryTestSuite.java:159)
	at org.apache.maven.surefire.testng.TestNGDirectoryTestSuite.execute(TestNGDirectoryTestSuite.java:99)
	at org.apache.maven.surefire.testng.TestNGProvider.invoke(TestNGProvider.java:106)
	at sun.reflect.NativeMethodAccessorImpl.invoke0(Native Method)
	at sun.reflect.NativeMethodAccessorImpl.invoke(Unknown Source)
	at sun.reflect.DelegatingMethodAccessorImpl.invoke(Unknown Source)
	at java.lang.reflect.Method.invoke(Unknown Source)
	at org.apache.maven.surefire.util.ReflectionUtils.invokeMethodWithArray(ReflectionUtils.java:189)
	at org.apache.maven.surefire.booter.ProviderFactory$ProviderProxy.invoke(ProviderFactory.java:165)
	at org.apache.maven.surefire.booter.ProviderFactory.invokeProvider(ProviderFactory.java:85)
	at org.apache.maven.surefire.booter.ForkedBooter.runSuitesInProcess(ForkedBooter.java:115)
	at org.apache.maven.surefire.booter.ForkedBooter.main(ForkedBooter.java:75)
]]>
    </error>
  </testcase> <!-- initializeTestBaseSetup -->
  <testcase name="fBShare" time="0.001" classname="com.pack.test.CompleteShareandSaveTest">
    <skipped/>
  </testcase> <!-- fBShare -->
  <testcase name="fBThankYouMsg" time="0.000" classname="com.pack.test.CompleteShareandSaveTest">
    <skipped/>
  </testcase> <!-- fBThankYouMsg -->
  <testcase name="twitterShare" time="0.000" classname="com.pack.test.CompleteShareandSaveTest">
    <skipped/>
  </testcase> <!-- twitterShare -->
  <testcase name="tweetThankYouMsg" time="0.000" classname="com.pack.test.CompleteShareandSaveTest">
    <skipped/>
  </testcase> <!-- tweetThankYouMsg -->
  <testcase name="pinShare" time="0.000" classname="com.pack.test.CompleteShareandSaveTest">
    <skipped/>
  </testcase> <!-- pinShare -->
  <testcase name="pinThankYouMsg" time="0.000" classname="com.pack.test.CompleteShareandSaveTest">
    <skipped/>
  </testcase> <!-- pinThankYouMsg -->
  <testcase name="emailShare" time="0.000" classname="com.pack.test.CompleteShareandSaveTest">
    <skipped/>
  </testcase> <!-- emailShare -->
  <testcase name="emailThankYouMsg" time="0.000" classname="com.pack.test.CompleteShareandSaveTest">
    <skipped/>
  </testcase> <!-- emailThankYouMsg -->
</testsuite> <!-- com.pack.test.CompleteShareandSaveTest -->
